2011-07-29 09:34:12,463 [main] INFO WebClosure - Dereferencing URI <http://data.semanticweb.org/person/christian-bizer>
2011-07-29 09:34:14,007 [main] WARN HttpMethodBase - Cookie rejected: "$Version=0; SESS002fbfc63133341c13dbc400422ca44a=eeaadcda116b1f91f407f16c70b1083c; $Path=/; $Domain=.data.semanticweb.org". Illegal domain attribute ".data.semanticweb.org". Domain of origin: "data.semanticweb.org"
2011-07-29 09:34:14,899 [main] WARN HttpMethodBase - Cookie rejected: "$Version=0; SESS002fbfc63133341c13dbc400422ca44a=8b86c1f5d82c4a965727bd058a40d7ae; $Path=/; $Domain=.data.semanticweb.org". Illegal domain attribute ".data.semanticweb.org". Domain of origin: "data.semanticweb.org"
2011-07-29 09:36:53,177 [main] INFO WebClosure - Dereferencing URI <http://data.semanticweb.org/conference/iswc-aswc/2007/tracks/in-use/papers/715>
2011-07-29 09:36:53,737 [main] WARN HttpMethodBase - Cookie rejected: "$Version=0; SESS002fbfc63133341c13dbc400422ca44a=7646369251d417874b94f11d81ebfcde; $Path=/; $Domain=.data.semanticweb.org". Illegal domain attribute ".data.semanticweb.org". Domain of origin: "data.semanticweb.org"
2011-07-29 09:36:54,512 [main] WARN HttpMethodBase - Cookie rejected: "$Version=0; SESS002fbfc63133341c13dbc400422ca44a=1c35463885e4c04d08dc66b8a2430383; $Path=/; $Domain=.data.semanticweb.org". Illegal domain attribute ".data.semanticweb.org". Domain of origin: "data.semanticweb.org"
2011-07-29 09:36:54,797 [main] INFO WebClosure - Dereferencing URI <http://data.semanticweb.org/conference/eswc/2007/demo-3>
2011-07-29 09:36:55,215 [main] WARN HttpMethodBase - Cookie rejected: "$Version=0; SESS002fbfc63133341c13dbc400422ca44a=5621d47afd4ad26b0ef9f09317abbb2d; $Path=/; $Domain=.data.semanticweb.org". Illegal domain attribute ".data.semanticweb.org". Domain of origin: "data.semanticweb.org"
2011-07-29 09:36:55,779 [main] WARN HttpMethodBase - Cookie rejected: "$Version=0; SESS002fbfc63133341c13dbc400422ca44a=470a608b8180c1c955fb3193ea7cfe17; $Path=/; $Domain=.data.semanticweb.org". Illegal domain attribute ".data.semanticweb.org". Domain of origin: "data.semanticweb.org"
2011-07-29 09:36:55,948 [main] INFO WebClosure - Dereferencing URI <http://data.semanticweb.org/conference/iswc/2006/paper-24>
2011-07-29 09:36:56,361 [main] WARN HttpMethodBase - Cookie rejected: "$Version=0; SESS002fbfc63133341c13dbc400422ca44a=0bd2003a29ff1714d6e175eed0f4cf11; $Path=/; $Domain=.data.semanticweb.org". Illegal domain attribute ".data.semanticweb.org". Domain of origin: "data.semanticweb.org"
2011-07-29 09:36:57,220 [main] WARN HttpMethodBase - Cookie rejected: "$Version=0; SESS002fbfc63133341c13dbc400422ca44a=2637d9a907b55b11cdcaa42f2bd31f63; $Path=/; $Domain=.data.semanticweb.org". Illegal domain attribute ".data.semanticweb.org". Domain of origin: "data.semanticweb.org"
2011-07-29 09:36:57,352 [main] INFO WebClosure - Dereferencing URI <http://data.semanticweb.org/workshop/LDOW/2008/paper/6>
2011-07-29 09:36:57,769 [main] WARN HttpMethodBase - Cookie rejected: "$Version=0; SESS002fbfc63133341c13dbc400422ca44a=473bc4added4b17cc3c7ee104e28ecc7; $Path=/; $Domain=.data.semanticweb.org". Illegal domain attribute ".data.semanticweb.org". Domain of origin: "data.semanticweb.org"
2011-07-29 09:36:58,627 [main] WARN HttpMethodBase - Cookie rejected: "$Version=0; SESS002fbfc63133341c13dbc400422ca44a=8d5121122c18a80a970007cdbb0a3eca; $Path=/; $Domain=.data.semanticweb.org". Illegal domain attribute ".data.semanticweb.org". Domain of origin: "data.semanticweb.org"
2011-07-29 09:36:58,754 [main] INFO WebClosure - Dereferencing URI <http://data.semanticweb.org/workshop/ssws/2008/paper/main/4>
2011-07-29 09:36:59,167 [main] WARN HttpMethodBase - Cookie rejected: "$Version=0; SESS002fbfc63133341c13dbc400422ca44a=19069f479f43ef92cd00064201440e1c; $Path=/; $Domain=.data.semanticweb.org". Illegal domain attribute ".data.semanticweb.org". Domain of origin: "data.semanticweb.org"
2011-07-29 09:37:00,030 [main] WARN HttpMethodBase - Cookie rejected: "$Version=0; SESS002fbfc63133341c13dbc400422ca44a=729d5f1ab06f76609a69bdf6695c68f5; $Path=/; $Domain=.data.semanticweb.org". Illegal domain attribute ".data.semanticweb.org". Domain of origin: "data.semanticweb.org"
2011-07-29 09:37:00,156 [main] INFO WebClosure - Dereferencing URI <http://data.semanticweb.org/conference/iswc/2009/paper/research/301>
2011-07-29 09:37:00,568 [main] WARN HttpMethodBase - Cookie rejected: "$Version=0; SESS002fbfc63133341c13dbc400422ca44a=b5389f98591c75413b3c3b696fc19495; $Path=/; $Domain=.data.semanticweb.org". Illegal domain attribute ".data.semanticweb.org". Domain of origin: "data.semanticweb.org"
2011-07-29 09:37:01,284 [main] WARN HttpMethodBase - Cookie rejected: "$Version=0; SESS002fbfc63133341c13dbc400422ca44a=49ff4577ecc5530b327d77e1396c1c05; $Path=/; $Domain=.data.semanticweb.org". Illegal domain attribute ".data.semanticweb.org". Domain of origin: "data.semanticweb.org"
2011-07-29 09:37:01,558 [main] INFO WebClosure - Dereferencing URI <http://data.semanticweb.org/conference/iswc/2009/paper/research/306>
2011-07-29 09:37:01,981 [main] WARN HttpMethodBase - Cookie rejected: "$Version=0; SESS002fbfc63133341c13dbc400422ca44a=7f7af3845b80411cb7ba92bcb8c11c4e; $Path=/; $Domain=.data.semanticweb.org". Illegal domain attribute ".data.semanticweb.org". Domain of origin: "data.semanticweb.org"
2011-07-29 09:37:02,688 [main] WARN HttpMethodBase - Cookie rejected: "$Version=0; SESS002fbfc63133341c13dbc400422ca44a=39b306911b662da1bd3e14216d0d4401; $Path=/; $Domain=.data.semanticweb.org". Illegal domain attribute ".data.semanticweb.org". Domain of origin: "data.semanticweb.org"
2011-07-29 09:37:02,961 [main] INFO WebClosure - Dereferencing URI <http://data.semanticweb.org/conference/iswc/2010/paper/495>
2011-07-29 09:37:03,372 [main] WARN HttpMethodBase - Cookie rejected: "$Version=0; SESS002fbfc63133341c13dbc400422ca44a=8246aa4f65702a562c592b396c5387bb; $Path=/; $Domain=.data.semanticweb.org". Illegal domain attribute ".data.semanticweb.org". Domain of origin: "data.semanticweb.org"
2011-07-29 09:37:04,244 [main] WARN HttpMethodBase - Cookie rejected: "$Version=0; SESS002fbfc63133341c13dbc400422ca44a=567990eda222692511092d00bbb15735; $Path=/; $Domain=.data.semanticweb.org". Illegal domain attribute ".data.semanticweb.org". Domain of origin: "data.semanticweb.org"
2011-07-29 09:37:04,362 [main] INFO WebClosure - Dereferencing URI <http://data.semanticweb.org/conference/iswc/2010/paper/512>
2011-07-29 09:37:04,779 [main] WARN HttpMethodBase - Cookie rejected: "$Version=0; SESS002fbfc63133341c13dbc400422ca44a=8bdc7e33061a45d6c059110785f46c35; $Path=/; $Domain=.data.semanticweb.org". Illegal domain attribute ".data.semanticweb.org". Domain of origin: "data.semanticweb.org"
2011-07-29 09:37:05,649 [main] WARN HttpMethodBase - Cookie rejected: "$Version=0; SESS002fbfc63133341c13dbc400422ca44a=9e6a1d6831536add6e6fbab16e44cf5d; $Path=/; $Domain=.data.semanticweb.org". Illegal domain attribute ".data.semanticweb.org". Domain of origin: "data.semanticweb.org"
2011-07-29 09:37:05,658 [main] INFO WebClosure - Dereferencing URI <http://data.semanticweb.org/conference/iswc/2010/paper/519>
2011-07-29 09:37:06,076 [main] WARN HttpMethodBase - Cookie rejected: "$Version=0; SESS002fbfc63133341c13dbc400422ca44a=c9f99e2c55ca11463e01b40c257c6eab; $Path=/; $Domain=.data.semanticweb.org". Illegal domain attribute ".data.semanticweb.org". Domain of origin: "data.semanticweb.org"
2011-07-29 09:37:06,939 [main] WARN HttpMethodBase - Cookie rejected: "$Version=0; SESS002fbfc63133341c13dbc400422ca44a=53aa65f1e44d6bbc8f009eca44532818; $Path=/; $Domain=.data.semanticweb.org". Illegal domain attribute ".data.semanticweb.org". Domain of origin: "data.semanticweb.org"
2011-07-29 09:37:07,165 [main] INFO WebClosure - Dereferencing URI <http://data.semanticweb.org/workshop/cold/2010/BizerEtAlPaper>
2011-07-29 09:37:07,575 [main] WARN HttpMethodBase - Cookie rejected: "$Version=0; SESS002fbfc63133341c13dbc400422ca44a=c08efc6d4884c1d7b97f361921314659; $Path=/; $Domain=.data.semanticweb.org". Illegal domain attribute ".data.semanticweb.org". Domain of origin: "data.semanticweb.org"
2011-07-29 09:37:08,283 [main] WARN HttpMethodBase - Cookie rejected: "$Version=0; SESS002fbfc63133341c13dbc400422ca44a=de4b89a12929be7f89e04a8c9c821eee; $Path=/; $Domain=.data.semanticweb.org". Illegal domain attribute ".data.semanticweb.org". Domain of origin: "data.semanticweb.org"
2011-07-29 09:37:08,364 [main] INFO WebClosure - Dereferencing URI <http://data.semanticweb.org/workshop/cold/2010/IseleEtAlPaper>
2011-07-29 09:37:08,797 [main] WARN HttpMethodBase - Cookie rejected: "$Version=0; SESS002fbfc63133341c13dbc400422ca44a=5bad3d17e710e9053e00a4f9837fc3a8; $Path=/; $Domain=.data.semanticweb.org". Illegal domain attribute ".data.semanticweb.org". Domain of origin: "data.semanticweb.org"
2011-07-29 09:37:09,648 [main] WARN HttpMethodBase - Cookie rejected: "$Version=0; SESS002fbfc63133341c13dbc400422ca44a=6fc8a97b122b4476a98465b1bf9a95bc; $Path=/; $Domain=.data.semanticweb.org". Illegal domain attribute ".data.semanticweb.org". Domain of origin: "data.semanticweb.org"
